Performing C++ SOURCE FILE Test CMAKE_HAVE_LIBC_PTHREAD failed with the following output:
Change Dir: /home/francisco/Escritorio/TFG-Enviroment/Ripes/CMakeFiles/CMakeTmp

Run Build Command(s):/usr/bin/make cmTC_2288d/fast && /usr/bin/make -f CMakeFiles/cmTC_2288d.dir/build.make CMakeFiles/cmTC_2288d.dir/build
make[1]: se entra en el directorio '/home/francisco/Escritorio/TFG-Enviroment/Ripes/CMakeFiles/CMakeTmp'
Building CXX object CMakeFiles/cmTC_2288d.dir/src.cxx.o
/usr/bin/c++    -Wextra -Wall -Wno-unused-local-typedefs -Wno-unused-function -DCMAKE_HAVE_LIBC_PTHREAD -fPIE   -std=gnu++17 -o CMakeFiles/cmTC_2288d.dir/src.cxx.o -c /home/francisco/Escritorio/TFG-Enviroment/Ripes/CMakeFiles/CMakeTmp/src.cxx
Linking CXX executable cmTC_2288d
/usr/bin/cmake -E cmake_link_script CMakeFiles/cmTC_2288d.dir/link.txt --verbose=1
/usr/bin/c++  -Wextra -Wall -Wno-unused-local-typedefs -Wno-unused-function -DCMAKE_HAVE_LIBC_PTHREAD    CMakeFiles/cmTC_2288d.dir/src.cxx.o  -o cmTC_2288d 
/usr/bin/ld: CMakeFiles/cmTC_2288d.dir/src.cxx.o: en la función `main':
src.cxx:(.text+0x46): referencia a `pthread_create' sin definir
/usr/bin/ld: src.cxx:(.text+0x52): referencia a `pthread_detach' sin definir
/usr/bin/ld: src.cxx:(.text+0x63): referencia a `pthread_join' sin definir
collect2: error: ld returned 1 exit status
make[1]: *** [CMakeFiles/cmTC_2288d.dir/build.make:87: cmTC_2288d] Error 1
make[1]: se sale del directorio '/home/francisco/Escritorio/TFG-Enviroment/Ripes/CMakeFiles/CMakeTmp'
make: *** [Makefile:121: cmTC_2288d/fast] Error 2


Source file was:
#include <pthread.h>

void* test_func(void* data)
{
  return data;
}

int main(void)
{
  pthread_t thread;
  pthread_create(&thread, NULL, test_func, NULL);
  pthread_detach(thread);
  pthread_join(thread, NULL);
  pthread_atfork(NULL, NULL, NULL);
  pthread_exit(NULL);

  return 0;
}

Determining if the function pthread_create exists in the pthreads failed with the following output:
Change Dir: /home/francisco/Escritorio/TFG-Enviroment/Ripes/CMakeFiles/CMakeTmp

Run Build Command(s):/usr/bin/make cmTC_bfcdb/fast && /usr/bin/make -f CMakeFiles/cmTC_bfcdb.dir/build.make CMakeFiles/cmTC_bfcdb.dir/build
make[1]: se entra en el directorio '/home/francisco/Escritorio/TFG-Enviroment/Ripes/CMakeFiles/CMakeTmp'
Building CXX object CMakeFiles/cmTC_bfcdb.dir/CheckFunctionExists.cxx.o
/usr/bin/c++    -Wextra -Wall -Wno-unused-local-typedefs -Wno-unused-function -DCHECK_FUNCTION_EXISTS=pthread_create -fPIE   -std=gnu++17 -o CMakeFiles/cmTC_bfcdb.dir/CheckFunctionExists.cxx.o -c /home/francisco/Escritorio/TFG-Enviroment/Ripes/CMakeFiles/CheckLibraryExists/CheckFunctionExists.cxx
Linking CXX executable cmTC_bfcdb
/usr/bin/cmake -E cmake_link_script CMakeFiles/cmTC_bfcdb.dir/link.txt --verbose=1
/usr/bin/c++  -Wextra -Wall -Wno-unused-local-typedefs -Wno-unused-function -DCHECK_FUNCTION_EXISTS=pthread_create    CMakeFiles/cmTC_bfcdb.dir/CheckFunctionExists.cxx.o  -o cmTC_bfcdb  -lpthreads 
/usr/bin/ld: no se puede encontrar -lpthreads
collect2: error: ld returned 1 exit status
make[1]: *** [CMakeFiles/cmTC_bfcdb.dir/build.make:87: cmTC_bfcdb] Error 1
make[1]: se sale del directorio '/home/francisco/Escritorio/TFG-Enviroment/Ripes/CMakeFiles/CMakeTmp'
make: *** [Makefile:121: cmTC_bfcdb/fast] Error 2



